{"level":"info","msg":"Log initialization successful.","time":"2025-01-08T17:16:31+06:00"}
{"level":"warning","msg":"This is a warning log.","time":"2025-01-08T17:16:31+06:00"}
{"level":"error","msg":"This is an error log.","time":"2025-01-08T17:16:31+06:00"}
{"action":"get patients","filter":"","level":"info","msg":"User action logged","page":"1","sort":"","time":"2025-01-08T17:53:44+06:00","timestamp":"2025-01-08T17:53:44+06:00","user_id":"1"}
{"action":"get patients","filter":"","level":"info","msg":"User action logged","page":"1","sort":"","time":"2025-01-08T17:53:47+06:00","timestamp":"2025-01-08T17:53:47+06:00","user_id":"1"}
{"action":"get patients","filter":"","level":"info","msg":"User action logged","page":"1","sort":"","time":"2025-01-08T17:53:59+06:00","timestamp":"2025-01-08T17:53:59+06:00","user_id":"1"}
{"action":"get patients","filter":"","level":"info","msg":"User action logged","page":"1","sort":"","time":"2025-01-08T18:32:35+06:00","timestamp":"2025-01-08T18:32:35+06:00","user_id":"1"}
{"action":"get patients","filter":"","level":"info","msg":"User action logged","page":"1","sort":"","time":"2025-01-08T18:33:07+06:00","timestamp":"2025-01-08T18:33:07+06:00","user_id":"1"}
{"action":"get patients","filter":"","level":"info","msg":"User action logged","page":"1","sort":"","time":"2025-01-08T18:33:27+06:00","timestamp":"2025-01-08T18:33:27+06:00","user_id":"1"}
{"action":"get patients","filter":"","level":"info","msg":"User action logged","page":"1","sort":"","time":"2025-01-08T18:34:12+06:00","timestamp":"2025-01-08T18:34:12+06:00","user_id":"1"}
{"action":"get patients","filter":"","level":"info","msg":"User action logged","page":"1","sort":"","time":"2025-01-08T18:37:54+06:00","timestamp":"2025-01-08T18:37:54+06:00","user_id":"1"}
{"action":"get patients","filter":"","level":"info","msg":"User action logged","page":"1","sort":"","time":"2025-01-08T18:46:13+06:00","timestamp":"2025-01-08T18:46:13+06:00","user_id":"1"}
{"action":"get patients","filter":"","level":"info","msg":"User action logged","page":"1","sort":"","time":"2025-01-08T18:46:17+06:00","timestamp":"2025-01-08T18:46:17+06:00","user_id":"1"}
{"action":"get patients","filter":"","level":"info","msg":"User action logged","page":"1","sort":"","time":"2025-01-14T19:35:10+06:00","timestamp":"2025-01-14T19:35:10+06:00","user_id":"1"}
{"action":"get patients","filter":"","level":"info","msg":"User action logged","page":"1","sort":"","time":"2025-01-14T19:35:47+06:00","timestamp":"2025-01-14T19:35:47+06:00","user_id":"1"}
{"action":"get patients","filter":"liya","level":"info","msg":"User action logged","page":"1","sort":"name","time":"2025-01-14T19:36:08+06:00","timestamp":"2025-01-14T19:36:08+06:00","user_id":"1"}
{"action":"get patients","filter":"","level":"info","msg":"User action logged","page":"1","sort":"","time":"2025-01-14T19:36:14+06:00","timestamp":"2025-01-14T19:36:14+06:00","user_id":"1"}
{"action":"get patients","filter":"liya","level":"info","msg":"User action logged","page":"1","sort":"","time":"2025-01-14T19:36:20+06:00","timestamp":"2025-01-14T19:36:20+06:00","user_id":"1"}
{"action":"get patients","filter":"","level":"info","msg":"User action logged","page":"1","sort":"","time":"2025-01-14T19:36:22+06:00","timestamp":"2025-01-14T19:36:22+06:00","user_id":"1"}
{"action":"get patients","filter":"","level":"info","msg":"User action logged","page":"1","sort":"","time":"2025-01-14T19:36:52+06:00","timestamp":"2025-01-14T19:36:52+06:00","user_id":"1"}
{"action":"get patients","filter":"","level":"info","msg":"User action logged","page":"1","sort":"","time":"2025-01-14T19:37:16+06:00","timestamp":"2025-01-14T19:37:16+06:00","user_id":"1"}
{"action":"get patients","filter":"","level":"info","msg":"User action logged","page":"1","sort":"","time":"2025-01-17T02:24:13+06:00","timestamp":"2025-01-17T02:24:13+06:00","user_id":"1"}
{"action":"get patients","filter":"","level":"info","msg":"User action logged","page":"1","sort":"","time":"2025-01-17T02:24:55+06:00","timestamp":"2025-01-17T02:24:55+06:00","user_id":"1"}
{"action":"get patients","filter":"Kamila","level":"info","msg":"User action logged","page":"1","sort":"name","time":"2025-01-17T02:25:05+06:00","timestamp":"2025-01-17T02:25:05+06:00","user_id":"1"}
{"action":"get patients","filter":"","level":"info","msg":"User action logged","page":"1","sort":"","time":"2025-01-17T17:21:40+06:00","timestamp":"2025-01-17T17:21:40+06:00","user_id":"1"}
{"action":"get patients","filter":"","level":"info","msg":"User action logged","page":"1","sort":"","time":"2025-01-17T17:23:58+06:00","timestamp":"2025-01-17T17:23:58+06:00","user_id":"1"}
{"action":"get patients","filter":"","level":"info","msg":"User action logged","page":"1","sort":"","time":"2025-01-21T20:13:38+06:00","timestamp":"2025-01-21T20:13:38+06:00","user_id":"1"}
{"action":"get patients","filter":"","level":"info","msg":"User action logged","page":"1","sort":"","time":"2025-01-21T20:29:10+06:00","timestamp":"2025-01-21T20:29:10+06:00","user_id":"1"}
{"action":"get patients","filter":"","level":"info","msg":"User action logged","page":"1","sort":"","time":"2025-01-21T20:29:12+06:00","timestamp":"2025-01-21T20:29:12+06:00","user_id":"1"}
{"action":"get patients","filter":"","level":"info","msg":"User action logged","page":"1","sort":"","time":"2025-01-21T20:30:59+06:00","timestamp":"2025-01-21T20:30:59+06:00","user_id":"1"}
{"action":"get patients","filter":"","level":"info","msg":"User action logged","page":"1","sort":"","time":"2025-01-21T20:41:18+06:00","timestamp":"2025-01-21T20:41:18+06:00","user_id":"1"}
{"action":"get patients","filter":"","level":"info","msg":"User action logged","page":"1","sort":"","time":"2025-01-21T22:24:46+06:00","timestamp":"2025-01-21T22:24:46+06:00","user_id":"1"}
{"action":"get patients","filter":"","level":"info","msg":"User action logged","page":"1","sort":"","time":"2025-01-21T22:27:40+06:00","timestamp":"2025-01-21T22:27:40+06:00","user_id":"1"}
{"action":"get patients","filter":"","level":"info","msg":"User action logged","page":"1","sort":"","time":"2025-01-21T22:27:59+06:00","timestamp":"2025-01-21T22:27:59+06:00","user_id":"1"}
{"action":"get patients","filter":"","level":"info","msg":"User action logged","page":"1","sort":"","time":"2025-01-21T22:28:02+06:00","timestamp":"2025-01-21T22:28:02+06:00","user_id":"1"}
{"action":"get patients","filter":"","level":"info","msg":"User action logged","page":"1","sort":"","time":"2025-01-21T22:28:05+06:00","timestamp":"2025-01-21T22:28:05+06:00","user_id":"1"}
{"action":"get patients","filter":"","level":"info","msg":"User action logged","page":"1","sort":"","time":"2025-01-21T22:28:10+06:00","timestamp":"2025-01-21T22:28:10+06:00","user_id":"1"}
{"action":"get patients","filter":"","level":"info","msg":"User action logged","page":"1","sort":"","time":"2025-01-21T22:30:26+06:00","timestamp":"2025-01-21T22:30:26+06:00","user_id":"1"}
{"action":"get patients","filter":"","level":"info","msg":"User action logged","page":"1","sort":"","time":"2025-01-21T22:30:33+06:00","timestamp":"2025-01-21T22:30:33+06:00","user_id":"1"}
{"action":"get patients","filter":"","level":"info","msg":"User action logged","page":"1","sort":"","time":"2025-01-21T22:31:11+06:00","timestamp":"2025-01-21T22:31:11+06:00","user_id":"1"}
{"action":"get patients","filter":"","level":"info","msg":"User action logged","page":"1","sort":"","time":"2025-01-21T22:31:16+06:00","timestamp":"2025-01-21T22:31:16+06:00","user_id":"1"}
{"action":"get patients","filter":"","level":"info","msg":"User action logged","page":"1","sort":"","time":"2025-01-21T22:31:46+06:00","timestamp":"2025-01-21T22:31:46+06:00","user_id":"1"}
{"action":"get patients","filter":"","level":"info","msg":"User action logged","page":"1","sort":"","time":"2025-01-21T22:33:03+06:00","timestamp":"2025-01-21T22:33:03+06:00","user_id":"1"}
{"action":"get patients","filter":"","level":"info","msg":"User action logged","page":"1","sort":"","time":"2025-01-21T22:33:03+06:00","timestamp":"2025-01-21T22:33:03+06:00","user_id":"1"}
{"action":"get patients","filter":"","level":"info","msg":"User action logged","page":"1","sort":"","time":"2025-01-21T22:33:08+06:00","timestamp":"2025-01-21T22:33:08+06:00","user_id":"1"}
{"action":"get patients","filter":"","level":"info","msg":"User action logged","page":"1","sort":"","time":"2025-01-21T22:33:08+06:00","timestamp":"2025-01-21T22:33:08+06:00","user_id":"1"}
{"action":"get patients","filter":"","level":"info","msg":"User action logged","page":"1","sort":"","time":"2025-01-21T22:33:10+06:00","timestamp":"2025-01-21T22:33:10+06:00","user_id":"1"}
{"action":"get patients","filter":"","level":"info","msg":"User action logged","page":"1","sort":"","time":"2025-01-21T22:33:11+06:00","timestamp":"2025-01-21T22:33:11+06:00","user_id":"1"}
{"action":"get patients","filter":"","level":"info","msg":"User action logged","page":"1","sort":"","time":"2025-01-21T22:33:14+06:00","timestamp":"2025-01-21T22:33:14+06:00","user_id":"1"}
{"action":"get patients","filter":"","level":"info","msg":"User action logged","page":"1","sort":"","time":"2025-01-21T22:33:20+06:00","timestamp":"2025-01-21T22:33:20+06:00","user_id":"1"}
{"action":"get patients","filter":"","level":"info","msg":"User action logged","page":"1","sort":"","time":"2025-01-21T22:33:37+06:00","timestamp":"2025-01-21T22:33:37+06:00","user_id":"1"}
{"action":"get patients","filter":"","level":"info","msg":"User action logged","page":"1","sort":"","time":"2025-01-21T22:33:37+06:00","timestamp":"2025-01-21T22:33:37+06:00","user_id":"1"}
{"action":"get patients","filter":"","level":"info","msg":"User action logged","page":"1","sort":"","time":"2025-01-21T22:34:20+06:00","timestamp":"2025-01-21T22:34:20+06:00","user_id":"1"}
{"action":"get patients","filter":"","level":"info","msg":"User action logged","page":"1","sort":"","time":"2025-01-21T22:34:26+06:00","timestamp":"2025-01-21T22:34:26+06:00","user_id":"1"}
{"action":"get patients","filter":"","level":"info","msg":"User action logged","page":"1","sort":"","time":"2025-01-21T22:35:48+06:00","timestamp":"2025-01-21T22:35:48+06:00","user_id":"1"}
{"action":"get patients","filter":"","level":"info","msg":"User action logged","page":"1","sort":"","time":"2025-01-21T22:36:20+06:00","timestamp":"2025-01-21T22:36:20+06:00","user_id":"1"}
{"action":"get patients","filter":"","level":"info","msg":"User action logged","page":"1","sort":"","time":"2025-01-21T22:38:04+06:00","timestamp":"2025-01-21T22:38:04+06:00","user_id":"1"}
{"action":"get patients","filter":"","level":"info","msg":"User action logged","page":"1","sort":"","time":"2025-01-21T22:38:09+06:00","timestamp":"2025-01-21T22:38:09+06:00","user_id":"1"}
{"action":"get patients","filter":"","level":"info","msg":"User action logged","page":"1","sort":"","time":"2025-01-21T22:38:22+06:00","timestamp":"2025-01-21T22:38:22+06:00","user_id":"1"}
{"action":"get patients","filter":"","level":"info","msg":"User action logged","page":"1","sort":"","time":"2025-01-21T22:38:44+06:00","timestamp":"2025-01-21T22:38:44+06:00","user_id":"1"}
{"action":"get patients","filter":"","level":"info","msg":"User action logged","page":"1","sort":"","time":"2025-01-21T22:41:11+06:00","timestamp":"2025-01-21T22:41:11+06:00","user_id":"1"}
{"action":"get patients","filter":"","level":"info","msg":"User action logged","page":"1","sort":"","time":"2025-01-21T22:41:25+06:00","timestamp":"2025-01-21T22:41:25+06:00","user_id":"1"}
{"action":"get patients","filter":"","level":"info","msg":"User action logged","page":"1","sort":"","time":"2025-01-21T22:43:18+06:00","timestamp":"2025-01-21T22:43:18+06:00","user_id":"1"}
{"action":"get patients","filter":"","level":"info","msg":"User action logged","page":"1","sort":"","time":"2025-01-21T22:45:09+06:00","timestamp":"2025-01-21T22:45:09+06:00","user_id":"1"}
{"action":"get patients","filter":"","level":"info","msg":"User action logged","page":"1","sort":"","time":"2025-01-23T22:13:47+06:00","timestamp":"2025-01-23T22:13:47+06:00","user_id":"1"}
{"action":"get patients","filter":"","level":"info","msg":"User action logged","page":"1","sort":"","time":"2025-01-23T22:14:34+06:00","timestamp":"2025-01-23T22:14:34+06:00","user_id":"1"}
{"action":"get patients","filter":"","level":"info","msg":"User action logged","page":"1","sort":"","time":"2025-01-23T22:18:50+06:00","timestamp":"2025-01-23T22:18:50+06:00","user_id":"1"}
{"action":"get patients","filter":"","level":"info","msg":"User action logged","page":"1","sort":"","time":"2025-01-23T22:19:44+06:00","timestamp":"2025-01-23T22:19:44+06:00","user_id":"1"}
{"action":"get patients","filter":"","level":"info","msg":"User action logged","page":"1","sort":"","time":"2025-01-24T21:05:26+06:00","timestamp":"2025-01-24T21:05:26+06:00","user_id":"1"}
{"action":"get patients","filter":"","level":"info","msg":"User action logged","page":"1","sort":"","time":"2025-01-24T21:06:21+06:00","timestamp":"2025-01-24T21:06:21+06:00","user_id":"1"}
{"action":"get patients","filter":"","level":"info","msg":"User action logged","page":"1","sort":"","time":"2025-01-24T21:07:59+06:00","timestamp":"2025-01-24T21:07:59+06:00","user_id":"1"}
{"action":"get patients","filter":"","level":"info","msg":"User action logged","page":"1","sort":"","time":"2025-01-24T21:08:28+06:00","timestamp":"2025-01-24T21:08:28+06:00","user_id":"1"}
{"action":"get patients","filter":"","level":"info","msg":"User action logged","page":"1","sort":"","time":"2025-01-24T21:08:57+06:00","timestamp":"2025-01-24T21:08:57+06:00","user_id":"1"}
{"action":"get patients","filter":"","level":"info","msg":"User action logged","page":"1","sort":"","time":"2025-01-24T21:13:33+06:00","timestamp":"2025-01-24T21:13:33+06:00","user_id":"1"}
{"action":"get patients","filter":"","level":"info","msg":"User action logged","page":"1","sort":"","time":"2025-01-24T21:13:49+06:00","timestamp":"2025-01-24T21:13:49+06:00","user_id":"1"}
{"action":"get patients","filter":"","level":"info","msg":"User action logged","page":"1","sort":"","time":"2025-01-24T21:14:12+06:00","timestamp":"2025-01-24T21:14:12+06:00","user_id":"1"}
{"action":"get patients","filter":"","level":"info","msg":"User action logged","page":"1","sort":"","time":"2025-01-24T21:21:21+06:00","timestamp":"2025-01-24T21:21:21+06:00","user_id":"1"}
{"action":"get patients","filter":"","level":"info","msg":"User action logged","page":"1","sort":"","time":"2025-01-24T21:21:29+06:00","timestamp":"2025-01-24T21:21:29+06:00","user_id":"1"}
{"action":"get patients","filter":"","level":"info","msg":"User action logged","page":"1","sort":"","time":"2025-01-24T21:21:30+06:00","timestamp":"2025-01-24T21:21:30+06:00","user_id":"1"}
{"action":"get patients","filter":"","level":"info","msg":"User action logged","page":"1","sort":"","time":"2025-01-24T21:21:36+06:00","timestamp":"2025-01-24T21:21:36+06:00","user_id":"1"}
{"action":"get patients","filter":"","level":"info","msg":"User action logged","page":"1","sort":"","time":"2025-01-24T21:21:37+06:00","timestamp":"2025-01-24T21:21:37+06:00","user_id":"1"}
{"action":"get patients","filter":"","level":"info","msg":"User action logged","page":"1","sort":"","time":"2025-01-24T21:21:44+06:00","timestamp":"2025-01-24T21:21:44+06:00","user_id":"1"}
{"action":"get patients","filter":"","level":"info","msg":"User action logged","page":"1","sort":"","time":"2025-01-24T21:21:46+06:00","timestamp":"2025-01-24T21:21:46+06:00","user_id":"1"}
{"action":"get patients","filter":"","level":"info","msg":"User action logged","page":"1","sort":"","time":"2025-01-24T21:21:47+06:00","timestamp":"2025-01-24T21:21:47+06:00","user_id":"1"}
{"action":"get patients","filter":"","level":"info","msg":"User action logged","page":"1","sort":"","time":"2025-01-24T21:30:46+06:00","timestamp":"2025-01-24T21:30:46+06:00","user_id":"1"}
{"action":"get patients","filter":"","level":"info","msg":"User action logged","page":"1","sort":"","time":"2025-01-24T21:35:08+06:00","timestamp":"2025-01-24T21:35:08+06:00","user_id":"1"}
{"action":"get patients","filter":"","level":"info","msg":"User action logged","page":"1","sort":"","time":"2025-01-24T21:40:35+06:00","timestamp":"2025-01-24T21:40:35+06:00","user_id":"1"}
{"action":"get patients","filter":"","level":"info","msg":"User action logged","page":"1","sort":"","time":"2025-01-24T21:40:58+06:00","timestamp":"2025-01-24T21:40:58+06:00","user_id":"1"}
{"action":"get patients","filter":"","level":"info","msg":"User action logged","page":"1","sort":"","time":"2025-01-24T21:50:06+06:00","timestamp":"2025-01-24T21:50:06+06:00","user_id":"1"}
